# JRE version: Java(TM) SE Runtime Environment (19.0.1+10) (build 19.0.1+10-21)
# Java VM: Java HotSpot(TM) 64-Bit Server VM (19.0.1+10-21, mixed mode, sharing, tiered, compressed oops, compressed class ptrs, g1 gc, windows-amd64)
GC Precious Log:
 CardTable entry size: 512
 Card Set container configuration: InlinePtr #cards 5 size 8 Array Of Cards #cards 12 size 40 Howl #buckets 4 coarsen threshold 1843 Howl Bitmap #cards 512 size 80 coarsen threshold 460 Card regions per heap region 1 cards per card region 2048
 CPUs: 8 total, 8 available
 Memory: 8089M
 Large Page Support: Disabled
 NUMA Support: Disabled
 Compressed Oops: Enabled (32-bit)
 Heap Region Size: 1M
 Heap Min Capacity: 8M
 Heap Initial Capacity: 128M
 Heap Max Capacity: 2024M
 Pre-touch: Disabled
 Parallel Workers: 8
 Concurrent Workers: 2
 Concurrent Refinement Workers: 8
 Periodic GC: Disabled
Heap:
 garbage-first heap   total 48128K, used 27156K [0x0000000081800000, 0x0000000100000000)
  region size 1024K, 3 young (3072K), 1 survivors (1024K)
 Metaspace       used 63482K, committed 64064K, reserved 1114112K
  class space    used 8267K, committed 8576K, reserved 1048576K
GC Heap History (20 events):
Event: 4.520 GC heap before
{Heap before GC invocations=7 (full 0):
 garbage-first heap   total 48128K, used 22665K [0x0000000081800000, 0x0000000100000000)
  region size 1024K, 9 young (9216K), 2 survivors (2048K)
 Metaspace       used 35548K, committed 35968K, reserved 1114112K
  class space    used 4247K, committed 4416K, reserved 1048576K
}
Event: 4.523 GC heap after
{Heap after GC invocations=8 (full 0):
 garbage-first heap   total 48128K, used 17589K [0x0000000081800000, 0x0000000100000000)
  region size 1024K, 3 young (3072K), 3 survivors (3072K)
 Metaspace       used 35548K, committed 35968K, reserved 1114112K
  class space    used 4247K, committed 4416K, reserved 1048576K
}
Event: 4.957 GC heap before
{Heap before GC invocations=9 (full 0):
 garbage-first heap   total 48128K, used 32949K [0x0000000081800000, 0x0000000100000000)
  region size 1024K, 18 young (18432K), 3 survivors (3072K)
 Metaspace       used 38931K, committed 39360K, reserved 1114112K
  class space    used 4749K, committed 4928K, reserved 1048576K
}
Event: 4.960 GC heap after
{Heap after GC invocations=10 (full 0):
 garbage-first heap   total 48128K, used 18808K [0x0000000081800000, 0x0000000100000000)
  region size 1024K, 3 young (3072K), 3 survivors (3072K)
 Metaspace       used 38931K, committed 39360K, reserved 1114112K
  class space    used 4749K, committed 4928K, reserved 1048576K
}
Event: 5.370 GC heap before
{Heap before GC invocations=10 (full 0):
 garbage-first heap   total 48128K, used 33144K [0x0000000081800000, 0x0000000100000000)
  region size 1024K, 18 young (18432K), 3 survivors (3072K)
 Metaspace       used 43683K, committed 44288K, reserved 1114112K
  class space    used 5420K, committed 5696K, reserved 1048576K
}
Event: 5.374 GC heap after
{Heap after GC invocations=11 (full 0):
 garbage-first heap   total 48128K, used 19560K [0x0000000081800000, 0x0000000100000000)
  region size 1024K, 2 young (2048K), 2 survivors (2048K)
 Metaspace       used 43683K, committed 44288K, reserved 1114112K
  class space    used 5420K, committed 5696K, reserved 1048576K
}
Event: 5.835 GC heap before
{Heap before GC invocations=11 (full 0):
 garbage-first heap   total 48128K, used 34920K [0x0000000081800000, 0x0000000100000000)
  region size 1024K, 18 young (18432K), 2 survivors (2048K)
 Metaspace       used 49332K, committed 49856K, reserved 1114112K
  class space    used 6287K, committed 6528K, reserved 1048576K
}
Event: 5.838 GC heap after
{Heap after GC invocations=12 (full 0):
 garbage-first heap   total 48128K, used 20635K [0x0000000081800000, 0x0000000100000000)
  region size 1024K, 2 young (2048K), 2 survivors (2048K)
 Metaspace       used 49332K, committed 49856K, reserved 1114112K
  class space    used 6287K, committed 6528K, reserved 1048576K
}
Event: 6.153 GC heap before
{Heap before GC invocations=12 (full 0):
 garbage-first heap   total 48128K, used 34971K [0x0000000081800000, 0x0000000100000000)
  region size 1024K, 17 young (17408K), 2 survivors (2048K)
 Metaspace       used 52953K, committed 53504K, reserved 1114112K
  class space    used 6781K, committed 7040K, reserved 1048576K
}
Event: 6.156 GC heap after
{Heap after GC invocations=13 (full 0):
 garbage-first heap   total 48128K, used 21690K [0x0000000081800000, 0x0000000100000000)
  region size 1024K, 3 young (3072K), 3 survivors (3072K)
 Metaspace       used 52953K, committed 53504K, reserved 1114112K
  class space    used 6781K, committed 7040K, reserved 1048576K
}
Event: 6.484 GC heap before
{Heap before GC invocations=13 (full 0):
 garbage-first heap   total 48128K, used 36026K [0x0000000081800000, 0x0000000100000000)
  region size 1024K, 17 young (17408K), 3 survivors (3072K)
 Metaspace       used 54926K, committed 55424K, reserved 1114112K
  class space    used 7059K, committed 7296K, reserved 1048576K
}
Event: 6.488 GC heap after
{Heap after GC invocations=14 (full 0):
 garbage-first heap   total 48128K, used 23140K [0x0000000081800000, 0x0000000100000000)
  region size 1024K, 3 young (3072K), 3 survivors (3072K)
 Metaspace       used 54926K, committed 55424K, reserved 1114112K
  class space    used 7059K, committed 7296K, reserved 1048576K
}
Event: 6.932 GC heap before
{Heap before GC invocations=14 (full 0):
 garbage-first heap   total 48128K, used 35428K [0x0000000081800000, 0x0000000100000000)
  region size 1024K, 16 young (16384K), 3 survivors (3072K)
 Metaspace       used 57607K, committed 58240K, reserved 1114112K
  class space    used 7364K, committed 7680K, reserved 1048576K
}
Event: 6.935 GC heap after
{Heap after GC invocations=15 (full 0):
 garbage-first heap   total 48128K, used 24414K [0x0000000081800000, 0x0000000100000000)
  region size 1024K, 2 young (2048K), 2 survivors (2048K)
 Metaspace       used 57607K, committed 58240K, reserved 1114112K
  class space    used 7364K, committed 7680K, reserved 1048576K
}
Event: 7.060 GC heap before
{Heap before GC invocations=15 (full 0):
 garbage-first heap   total 48128K, used 29534K [0x0000000081800000, 0x0000000100000000)
  region size 1024K, 9 young (9216K), 2 survivors (2048K)
 Metaspace       used 59736K, committed 60288K, reserved 1114112K
  class space    used 7711K, committed 8000K, reserved 1048576K
}
Event: 7.063 GC heap after
{Heap after GC invocations=16 (full 0):
 garbage-first heap   total 48128K, used 25129K [0x0000000081800000, 0x0000000100000000)
  region size 1024K, 1 young (1024K), 1 survivors (1024K)
 Metaspace       used 59736K, committed 60288K, reserved 1114112K
  class space    used 7711K, committed 8000K, reserved 1048576K
}
Event: 22.451 GC heap before
{Heap before GC invocations=17 (full 0):
 garbage-first heap   total 48128K, used 37417K [0x0000000081800000, 0x0000000100000000)
  region size 1024K, 14 young (14336K), 1 survivors (1024K)
 Metaspace       used 63337K, committed 63936K, reserved 1114112K
  class space    used 8257K, committed 8512K, reserved 1048576K
}
Event: 22.453 GC heap after
{Heap after GC invocations=18 (full 0):
 garbage-first heap   total 48128K, used 26209K [0x0000000081800000, 0x0000000100000000)
  region size 1024K, 2 young (2048K), 2 survivors (2048K)
 Metaspace       used 63337K, committed 63936K, reserved 1114112K
  class space    used 8257K, committed 8512K, reserved 1048576K
}
Event: 22.484 GC heap before
{Heap before GC invocations=18 (full 0):
 garbage-first heap   total 48128K, used 27233K [0x0000000081800000, 0x0000000100000000)
  region size 1024K, 3 young (3072K), 2 survivors (2048K)
 Metaspace       used 63419K, committed 64064K, reserved 1114112K
  class space    used 8266K, committed 8576K, reserved 1048576K
}
Event: 22.486 GC heap after
{Heap after GC invocations=19 (full 0):
 garbage-first heap   total 48128K, used 26132K [0x0000000081800000, 0x0000000100000000)
  region size 1024K, 1 young (1024K), 1 survivors (1024K)
 Metaspace       used 63419K, committed 64064K, reserved 1114112K
  class space    used 8266K, committed 8576K, reserved 1048576K
}

